# JRE version: Java(TM) SE Runtime Environment (8.0_111-b14) (build 1.8.0_111-b14)
# Java VM: Java HotSpot(TM) 64-Bit Server VM (25.111-b14 mixed mode windows-amd64 compressed oops)
Heap:
 PSYoungGen      total 220160K, used 29907K [0x00000000f0000000, 0x00000000ffa00000, 0x0000000100000000)
  eden space 184320K, 15% used [0x00000000f0000000,0x00000000f1c9ce30,0x00000000fb400000)
  from space 35840K, 1% used [0x00000000fb400000,0x00000000fb498000,0x00000000fd700000)
  to   space 35328K, 0% used [0x00000000fd780000,0x00000000fd780000,0x00000000ffa00000)
 ParOldGen       total 209920K, used 117841K [0x00000000d0000000, 0x00000000dcd00000, 0x00000000f0000000)
  object space 209920K, 56% used [0x00000000d0000000,0x00000000d73145a0,0x00000000dcd00000)
 Metaspace       used 86701K, capacity 97856K, committed 97920K, reserved 1134592K
  class space    used 11729K, capacity 12352K, committed 12416K, reserved 1048576K
GC Heap History (10 events):
Event: 49.136 GC heap before
{Heap before GC invocations=36 (full 5):
 PSYoungGen      total 212992K, used 171424K [0x00000000f0000000, 0x00000000ffb80000, 0x0000000100000000)
  eden space 170496K, 100% used [0x00000000f0000000,0x00000000fa680000,0x00000000fa680000)
  from space 42496K, 2% used [0x00000000fd200000,0x00000000fd2e8000,0x00000000ffb80000)
  to   space 43520K, 0% used [0x00000000fa680000,0x00000000fa680000,0x00000000fd100000)
 ParOldGen       total 209920K, used 117123K [0x00000000d0000000, 0x00000000dcd00000, 0x00000000f0000000)
  object space 209920K, 55% used [0x00000000d0000000,0x00000000d7260cd0,0x00000000dcd00000)
 Metaspace       used 86701K, capacity 97856K, committed 97920K, reserved 1134592K
  class space    used 11729K, capacity 12352K, committed 12416K, reserved 1048576K
Event: 49.140 GC heap after
Heap after GC invocations=36 (full 5):
 PSYoungGen      total 214016K, used 864K [0x00000000f0000000, 0x00000000ffd00000, 0x0000000100000000)
  eden space 170496K, 0% used [0x00000000f0000000,0x00000000f0000000,0x00000000fa680000)
  from space 43520K, 1% used [0x00000000fa680000,0x00000000fa758000,0x00000000fd100000)
  to   space 41472K, 0% used [0x00000000fd480000,0x00000000fd480000,0x00000000ffd00000)
 ParOldGen       total 209920K, used 117123K [0x00000000d0000000, 0x00000000dcd00000, 0x00000000f0000000)
  object space 209920K, 55% used [0x00000000d0000000,0x00000000d7260cd0,0x00000000dcd00000)
 Metaspace       used 86701K, capacity 97856K, committed 97920K, reserved 1134592K
  class space    used 11729K, capacity 12352K, committed 12416K, reserved 1048576K
}
Event: 49.372 GC heap before
{Heap before GC invocations=37 (full 5):
 PSYoungGen      total 214016K, used 171360K [0x00000000f0000000, 0x00000000ffd00000, 0x0000000100000000)
  eden space 170496K, 100% used [0x00000000f0000000,0x00000000fa680000,0x00000000fa680000)
  from space 43520K, 1% used [0x00000000fa680000,0x00000000fa758000,0x00000000fd100000)
  to   space 41472K, 0% used [0x00000000fd480000,0x00000000fd480000,0x00000000ffd00000)
 ParOldGen       total 209920K, used 117123K [0x00000000d0000000, 0x00000000dcd00000, 0x00000000f0000000)
  object space 209920K, 55% used [0x00000000d0000000,0x00000000d7260cd0,0x00000000dcd00000)
 Metaspace       used 86701K, capacity 97856K, committed 97920K, reserved 1134592K
  class space    used 11729K, capacity 12352K, committed 12416K, reserved 1048576K
Event: 49.391 GC heap after
Heap after GC invocations=37 (full 5):
 PSYoungGen      total 216576K, used 832K [0x00000000f0000000, 0x00000000ffb00000, 0x0000000100000000)
  eden space 177152K, 0% used [0x00000000f0000000,0x00000000f0000000,0x00000000fad00000)
  from space 39424K, 2% used [0x00000000fd480000,0x00000000fd550000,0x00000000ffb00000)
  to   space 39936K, 0% used [0x00000000fad00000,0x00000000fad00000,0x00000000fd400000)
 ParOldGen       total 209920K, used 117123K [0x00000000d0000000, 0x00000000dcd00000, 0x00000000f0000000)
  object space 209920K, 55% used [0x00000000d0000000,0x00000000d7260cd0,0x00000000dcd00000)
 Metaspace       used 86701K, capacity 97856K, committed 97920K, reserved 1134592K
  class space    used 11729K, capacity 12352K, committed 12416K, reserved 1048576K
}
Event: 49.775 GC heap before
{Heap before GC invocations=38 (full 5):
 PSYoungGen      total 216576K, used 177984K [0x00000000f0000000, 0x00000000ffb00000, 0x0000000100000000)
  eden space 177152K, 100% used [0x00000000f0000000,0x00000000fad00000,0x00000000fad00000)
  from space 39424K, 2% used [0x00000000fd480000,0x00000000fd550000,0x00000000ffb00000)
  to   space 39936K, 0% used [0x00000000fad00000,0x00000000fad00000,0x00000000fd400000)
 ParOldGen       total 209920K, used 117123K [0x00000000d0000000, 0x00000000dcd00000, 0x00000000f0000000)
  object space 209920K, 55% used [0x00000000d0000000,0x00000000d7260cd0,0x00000000dcd00000)
 Metaspace       used 86701K, capacity 97856K, committed 97920K, reserved 1134592K
  class space    used 11729K, capacity 12352K, committed 12416K, reserved 1048576K
Event: 49.786 GC heap after
Heap after GC invocations=38 (full 5):
 PSYoungGen      total 217088K, used 320K [0x00000000f0000000, 0x00000000ffc80000, 0x0000000100000000)
  eden space 177152K, 0% used [0x00000000f0000000,0x00000000f0000000,0x00000000fad00000)
  from space 39936K, 0% used [0x00000000fad00000,0x00000000fad50000,0x00000000fd400000)
  to   space 37888K, 0% used [0x00000000fd780000,0x00000000fd780000,0x00000000ffc80000)
 ParOldGen       total 209920K, used 117689K [0x00000000d0000000, 0x00000000dcd00000, 0x00000000f0000000)
  object space 209920K, 56% used [0x00000000d0000000,0x00000000d72ee5a0,0x00000000dcd00000)
 Metaspace       used 86701K, capacity 97856K, committed 97920K, reserved 1134592K
  class space    used 11729K, capacity 12352K, committed 12416K, reserved 1048576K
}
Event: 50.062 GC heap before
{Heap before GC invocations=39 (full 5):
 PSYoungGen      total 217088K, used 177472K [0x00000000f0000000, 0x00000000ffc80000, 0x0000000100000000)
  eden space 177152K, 100% used [0x00000000f0000000,0x00000000fad00000,0x00000000fad00000)
  from space 39936K, 0% used [0x00000000fad00000,0x00000000fad50000,0x00000000fd400000)
  to   space 37888K, 0% used [0x00000000fd780000,0x00000000fd780000,0x00000000ffc80000)
 ParOldGen       total 209920K, used 117689K [0x00000000d0000000, 0x00000000dcd00000, 0x00000000f0000000)
  object space 209920K, 56% used [0x00000000d0000000,0x00000000d72ee5a0,0x00000000dcd00000)
 Metaspace       used 86701K, capacity 97856K, committed 97920K, reserved 1134592K
  class space    used 11729K, capacity 12352K, committed 12416K, reserved 1048576K
Event: 50.067 GC heap after
Heap after GC invocations=39 (full 5):
 PSYoungGen      total 219648K, used 608K [0x00000000f0000000, 0x00000000ffa00000, 0x0000000100000000)
  eden space 184320K, 0% used [0x00000000f0000000,0x00000000f0000000,0x00000000fb400000)
  from space 35328K, 1% used [0x00000000fd780000,0x00000000fd818000,0x00000000ffa00000)
  to   space 35840K, 0% used [0x00000000fb400000,0x00000000fb400000,0x00000000fd700000)
 ParOldGen       total 209920K, used 117785K [0x00000000d0000000, 0x00000000dcd00000, 0x00000000f0000000)
  object space 209920K, 56% used [0x00000000d0000000,0x00000000d73065a0,0x00000000dcd00000)
 Metaspace       used 86701K, capacity 97856K, committed 97920K, reserved 1134592K
  class space    used 11729K, capacity 12352K, committed 12416K, reserved 1048576K
}
Event: 50.315 GC heap before
{Heap before GC invocations=40 (full 5):
 PSYoungGen      total 219648K, used 184928K [0x00000000f0000000, 0x00000000ffa00000, 0x0000000100000000)
  eden space 184320K, 100% used [0x00000000f0000000,0x00000000fb400000,0x00000000fb400000)
  from space 35328K, 1% used [0x00000000fd780000,0x00000000fd818000,0x00000000ffa00000)
  to   space 35840K, 0% used [0x00000000fb400000,0x00000000fb400000,0x00000000fd700000)
 ParOldGen       total 209920K, used 117785K [0x00000000d0000000, 0x00000000dcd00000, 0x00000000f0000000)
  object space 209920K, 56% used [0x00000000d0000000,0x00000000d73065a0,0x00000000dcd00000)
 Metaspace       used 86701K, capacity 97856K, committed 97920K, reserved 1134592K
  class space    used 11729K, capacity 12352K, committed 12416K, reserved 1048576K
Event: 50.320 GC heap after
Heap after GC invocations=40 (full 5):
 PSYoungGen      total 220160K, used 608K [0x00000000f0000000, 0x00000000ffa00000, 0x0000000100000000)
  eden space 184320K, 0% used [0x00000000f0000000,0x00000000f0000000,0x00000000fb400000)
  from space 35840K, 1% used [0x00000000fb400000,0x00000000fb498000,0x00000000fd700000)
  to   space 35328K, 0% used [0x00000000fd780000,0x00000000fd780000,0x00000000ffa00000)
 ParOldGen       total 209920K, used 117841K [0x00000000d0000000, 0x00000000dcd00000, 0x00000000f0000000)
  object space 209920K, 56% used [0x00000000d0000000,0x00000000d73145a0,0x00000000dcd00000)
 Metaspace       used 86701K, capacity 97856K, committed 97920K, reserved 1134592K
  class space    used 11729K, capacity 12352K, committed 12416K, reserved 1048576K
}

